<?xml version="1.0" encoding="UTF-8"?>
<!-- Generated by org.testng.reporters.JUnitReportReporter -->
<testsuite hostname="DESKTOP-DEO3UEE" name="testclass.TestClass" tests="2" failures="0" timestamp="24 Nov 2019 16:53:28 GMT" time="38.372" errors="0">
  <testcase name="addProductsToShoppingCart" time="33.126" classname="testclass.TestClass"/>
  <testcase name="validateShoppingCartItems" time="5.246" classname="testclass.TestClass"/>
</testsuite> <!-- testclass.TestClass -->
